[1.304s] Invoking command in '/home/retina/md_ws/src/MD_controller_ROS2/md_teleop': PYTHONPATH=/home/retina/md_ws/src/MD_controller_ROS2/build/md_teleop/prefix_override:/usr/lib/python3/dist-packages/colcon_core/task/python/colcon_distutils_commands:/home/retina/md_ws/src/MD_controller_ROS2/install/md_teleop/lib/python3.10/site-packages:${PYTHONPATH} /usr/bin/python3 -W ignore:setup.py install is deprecated setup.py egg_info --egg-base ../build/md_teleop build --build-base /home/retina/md_ws/src/MD_controller_ROS2/build/md_teleop/build install --record /home/retina/md_ws/src/MD_controller_ROS2/build/md_teleop/install.log --single-version-externally-managed install_data
[1.795s] running egg_info
[1.796s] creating ../build/md_teleop/md_teleop.egg-info
[1.797s] writing ../build/md_teleop/md_teleop.egg-info/PKG-INFO
[1.797s] writing dependency_links to ../build/md_teleop/md_teleop.egg-info/dependency_links.txt
[1.798s] writing entry points to ../build/md_teleop/md_teleop.egg-info/entry_points.txt
[1.798s] writing requirements to ../build/md_teleop/md_teleop.egg-info/requires.txt
[1.798s] writing top-level names to ../build/md_teleop/md_teleop.egg-info/top_level.txt
[1.798s] writing manifest file '../build/md_teleop/md_teleop.egg-info/SOURCES.txt'
[1.802s] reading manifest file '../build/md_teleop/md_teleop.egg-info/SOURCES.txt'
[1.803s] writing manifest file '../build/md_teleop/md_teleop.egg-info/SOURCES.txt'
[1.803s] running build
[1.803s] running build_py
[1.804s] creating /home/retina/md_ws/src/MD_controller_ROS2/build/md_teleop/build
[1.804s] creating /home/retina/md_ws/src/MD_controller_ROS2/build/md_teleop/build/lib
[1.804s] creating /home/retina/md_ws/src/MD_controller_ROS2/build/md_teleop/build/lib/md_teleop
[1.804s] copying md_teleop/__init__.py -> /home/retina/md_ws/src/MD_controller_ROS2/build/md_teleop/build/lib/md_teleop
[1.804s] copying md_teleop/md_teleop_key.py -> /home/retina/md_ws/src/MD_controller_ROS2/build/md_teleop/build/lib/md_teleop
[1.805s] running install
[1.805s] running install_lib
[1.807s] creating /home/retina/md_ws/src/MD_controller_ROS2/install/md_teleop/lib/python3.10/site-packages/md_teleop
[1.807s] copying /home/retina/md_ws/src/MD_controller_ROS2/build/md_teleop/build/lib/md_teleop/__init__.py -> /home/retina/md_ws/src/MD_controller_ROS2/install/md_teleop/lib/python3.10/site-packages/md_teleop
[1.807s] copying /home/retina/md_ws/src/MD_controller_ROS2/build/md_teleop/build/lib/md_teleop/md_teleop_key.py -> /home/retina/md_ws/src/MD_controller_ROS2/install/md_teleop/lib/python3.10/site-packages/md_teleop
[1.809s] byte-compiling /home/retina/md_ws/src/MD_controller_ROS2/install/md_teleop/lib/python3.10/site-packages/md_teleop/__init__.py to __init__.cpython-310.pyc
[1.809s] byte-compiling /home/retina/md_ws/src/MD_controller_ROS2/install/md_teleop/lib/python3.10/site-packages/md_teleop/md_teleop_key.py to md_teleop_key.cpython-310.pyc
[1.810s] running install_data
[1.811s] creating /home/retina/md_ws/src/MD_controller_ROS2/install/md_teleop/share/ament_index
[1.811s] creating /home/retina/md_ws/src/MD_controller_ROS2/install/md_teleop/share/ament_index/resource_index
[1.811s] creating /home/retina/md_ws/src/MD_controller_ROS2/install/md_teleop/share/ament_index/resource_index/packages
[1.811s] copying resource/md_teleop -> /home/retina/md_ws/src/MD_controller_ROS2/install/md_teleop/share/ament_index/resource_index/packages
[1.812s] copying package.xml -> /home/retina/md_ws/src/MD_controller_ROS2/install/md_teleop/share/md_teleop
[1.812s] running install_egg_info
[1.816s] Copying ../build/md_teleop/md_teleop.egg-info to /home/retina/md_ws/src/MD_controller_ROS2/install/md_teleop/lib/python3.10/site-packages/md_teleop-0.0.0-py3.10.egg-info
[1.818s] running install_scripts
[1.866s] Installing md_teleop_key_node script to /home/retina/md_ws/src/MD_controller_ROS2/install/md_teleop/lib/md_teleop
[1.868s] writing list of installed files to '/home/retina/md_ws/src/MD_controller_ROS2/build/md_teleop/install.log'
[1.940s] Invoked command in '/home/retina/md_ws/src/MD_controller_ROS2/md_teleop' returned '0': PYTHONPATH=/home/retina/md_ws/src/MD_controller_ROS2/build/md_teleop/prefix_override:/usr/lib/python3/dist-packages/colcon_core/task/python/colcon_distutils_commands:/home/retina/md_ws/src/MD_controller_ROS2/install/md_teleop/lib/python3.10/site-packages:${PYTHONPATH} /usr/bin/python3 -W ignore:setup.py install is deprecated setup.py egg_info --egg-base ../build/md_teleop build --build-base /home/retina/md_ws/src/MD_controller_ROS2/build/md_teleop/build install --record /home/retina/md_ws/src/MD_controller_ROS2/build/md_teleop/install.log --single-version-externally-managed install_data
